<?xml version="1.0" encoding="UTF-8"?>
<!-- Generated by org.testng.reporters.JUnitReportReporter -->
<testsuite skipped="0" hostname="SYNHNJL-1006" name="GitHub.App" tests="1" failures="0" timestamp="18 Sep 2018 10:24:43 GMT" time="38.896" errors="0">
  <testcase name="testMaven" time="38.896" classname="GitHub.App"/>
</testsuite> <!-- GitHub.App -->
